django.utils.autoreload INFO 2023-01-28 14:50:48,817 autoreload 65791 8097178880 Watching for file changes with StatReloader
django.utils.autoreload INFO 2023-01-28 14:51:28,942 autoreload 65791 8097178880 /Users/nathannoble/django/django_projects/rent_app/rent_app/settings.py changed, reloading.
asyncio DEBUG 2023-01-28 14:51:28,943 selector_events 65791 8097178880 Using selector: KqueueSelector
django.utils.autoreload INFO 2023-01-28 14:51:29,321 autoreload 65855 8097178880 Watching for file changes with StatReloader
django.utils.autoreload INFO 2023-01-28 14:51:58,020 autoreload 65855 8097178880 /Users/nathannoble/django/django_projects/rent_app/rent_app/settings.py changed, reloading.
asyncio DEBUG 2023-01-28 14:51:58,023 selector_events 65855 8097178880 Using selector: KqueueSelector
django.utils.autoreload INFO 2023-01-28 14:51:58,401 autoreload 65875 8097178880 Watching for file changes with StatReloader
django.request ERROR 2023-02-04 19:04:01,138 log 65875 6215217152 Internal Server Error: /admin/login/
Traceback (most recent call last):
  File "/Library/Frameworks/Python.framework/Versions/3.9/lib/python3.9/site-packages/django/db/backends/utils.py", line 84, in _execute
    return self.cursor.execute(sql, params)
  File "/Library/Frameworks/Python.framework/Versions/3.9/lib/python3.9/site-packages/django/db/backends/mysql/base.py", line 73, in execute
    return self.cursor.execute(query, args)
  File "/Library/Frameworks/Python.framework/Versions/3.9/lib/python3.9/site-packages/MySQLdb/cursors.py", line 206, in execute
    res = self._query(query)
  File "/Library/Frameworks/Python.framework/Versions/3.9/lib/python3.9/site-packages/MySQLdb/cursors.py", line 319, in _query
    db.query(q)
  File "/Library/Frameworks/Python.framework/Versions/3.9/lib/python3.9/site-packages/MySQLdb/connections.py", line 254, in query
    _mysql.connection.query(self, query)
MySQLdb._exceptions.ProgrammingError: (1146, "Table 'rent_app.auth_user' doesn't exist")

The above exception was the direct cause of the following exception:

Traceback (most recent call last):
  File "/Library/Frameworks/Python.framework/Versions/3.9/lib/python3.9/site-packages/django/core/handlers/exception.py", line 47, in inner
    response = get_response(request)
  File "/Library/Frameworks/Python.framework/Versions/3.9/lib/python3.9/site-packages/django/core/handlers/base.py", line 181, in _get_response
    response = wrapped_callback(request, *callback_args, **callback_kwargs)
  File "/Library/Frameworks/Python.framework/Versions/3.9/lib/python3.9/site-packages/django/views/decorators/cache.py", line 44, in _wrapped_view_func
    response = view_func(request, *args, **kwargs)
  File "/Library/Frameworks/Python.framework/Versions/3.9/lib/python3.9/site-packages/django/contrib/admin/sites.py", line 414, in login
    return LoginView.as_view(**defaults)(request)
  File "/Library/Frameworks/Python.framework/Versions/3.9/lib/python3.9/site-packages/django/views/generic/base.py", line 70, in view
    return self.dispatch(request, *args, **kwargs)
  File "/Library/Frameworks/Python.framework/Versions/3.9/lib/python3.9/site-packages/django/utils/decorators.py", line 43, in _wrapper
    return bound_method(*args, **kwargs)
  File "/Library/Frameworks/Python.framework/Versions/3.9/lib/python3.9/site-packages/django/views/decorators/debug.py", line 89, in sensitive_post_parameters_wrapper
    return view(request, *args, **kwargs)
  File "/Library/Frameworks/Python.framework/Versions/3.9/lib/python3.9/site-packages/django/utils/decorators.py", line 43, in _wrapper
    return bound_method(*args, **kwargs)
  File "/Library/Frameworks/Python.framework/Versions/3.9/lib/python3.9/site-packages/django/utils/decorators.py", line 130, in _wrapped_view
    response = view_func(request, *args, **kwargs)
  File "/Library/Frameworks/Python.framework/Versions/3.9/lib/python3.9/site-packages/django/utils/decorators.py", line 43, in _wrapper
    return bound_method(*args, **kwargs)
  File "/Library/Frameworks/Python.framework/Versions/3.9/lib/python3.9/site-packages/django/views/decorators/cache.py", line 44, in _wrapped_view_func
    response = view_func(request, *args, **kwargs)
  File "/Library/Frameworks/Python.framework/Versions/3.9/lib/python3.9/site-packages/django/contrib/auth/views.py", line 63, in dispatch
    return super().dispatch(request, *args, **kwargs)
  File "/Library/Frameworks/Python.framework/Versions/3.9/lib/python3.9/site-packages/django/views/generic/base.py", line 98, in dispatch
    return handler(request, *args, **kwargs)
  File "/Library/Frameworks/Python.framework/Versions/3.9/lib/python3.9/site-packages/django/views/generic/edit.py", line 141, in post
    if form.is_valid():
  File "/Library/Frameworks/Python.framework/Versions/3.9/lib/python3.9/site-packages/django/forms/forms.py", line 175, in is_valid
    return self.is_bound and not self.errors
  File "/Library/Frameworks/Python.framework/Versions/3.9/lib/python3.9/site-packages/django/forms/forms.py", line 170, in errors
    self.full_clean()
  File "/Library/Frameworks/Python.framework/Versions/3.9/lib/python3.9/site-packages/django/forms/forms.py", line 373, in full_clean
    self._clean_form()
  File "/Library/Frameworks/Python.framework/Versions/3.9/lib/python3.9/site-packages/django/forms/forms.py", line 400, in _clean_form
    cleaned_data = self.clean()
  File "/Library/Frameworks/Python.framework/Versions/3.9/lib/python3.9/site-packages/django/contrib/auth/forms.py", line 202, in clean
    self.user_cache = authenticate(self.request, username=username, password=password)
  File "/Library/Frameworks/Python.framework/Versions/3.9/lib/python3.9/site-packages/django/views/decorators/debug.py", line 42, in sensitive_variables_wrapper
    return func(*func_args, **func_kwargs)
  File "/Library/Frameworks/Python.framework/Versions/3.9/lib/python3.9/site-packages/django/contrib/auth/__init__.py", line 76, in authenticate
    user = backend.authenticate(request, **credentials)
  File "/Library/Frameworks/Python.framework/Versions/3.9/lib/python3.9/site-packages/django/contrib/auth/backends.py", line 42, in authenticate
    user = UserModel._default_manager.get_by_natural_key(username)
  File "/Library/Frameworks/Python.framework/Versions/3.9/lib/python3.9/site-packages/django/contrib/auth/base_user.py", line 45, in get_by_natural_key
    return self.get(**{self.model.USERNAME_FIELD: username})
  File "/Library/Frameworks/Python.framework/Versions/3.9/lib/python3.9/site-packages/django/db/models/manager.py", line 85, in manager_method
    return getattr(self.get_queryset(), name)(*args, **kwargs)
  File "/Library/Frameworks/Python.framework/Versions/3.9/lib/python3.9/site-packages/django/db/models/query.py", line 431, in get
    num = len(clone)
  File "/Library/Frameworks/Python.framework/Versions/3.9/lib/python3.9/site-packages/django/db/models/query.py", line 262, in __len__
    self._fetch_all()
  File "/Library/Frameworks/Python.framework/Versions/3.9/lib/python3.9/site-packages/django/db/models/query.py", line 1324, in _fetch_all
    self._result_cache = list(self._iterable_class(self))
  File "/Library/Frameworks/Python.framework/Versions/3.9/lib/python3.9/site-packages/django/db/models/query.py", line 51, in __iter__
    results = compiler.execute_sql(chunked_fetch=self.chunked_fetch, chunk_size=self.chunk_size)
  File "/Library/Frameworks/Python.framework/Versions/3.9/lib/python3.9/site-packages/django/db/models/sql/compiler.py", line 1169, in execute_sql
    cursor.execute(sql, params)
  File "/Library/Frameworks/Python.framework/Versions/3.9/lib/python3.9/site-packages/django/db/backends/utils.py", line 98, in execute
    return super().execute(sql, params)
  File "/Library/Frameworks/Python.framework/Versions/3.9/lib/python3.9/site-packages/django/db/backends/utils.py", line 66, in execute
    return self._execute_with_wrappers(sql, params, many=False, executor=self._execute)
  File "/Library/Frameworks/Python.framework/Versions/3.9/lib/python3.9/site-packages/django/db/backends/utils.py", line 75, in _execute_with_wrappers
    return executor(sql, params, many, context)
  File "/Library/Frameworks/Python.framework/Versions/3.9/lib/python3.9/site-packages/django/db/backends/utils.py", line 84, in _execute
    return self.cursor.execute(sql, params)
  File "/Library/Frameworks/Python.framework/Versions/3.9/lib/python3.9/site-packages/django/db/utils.py", line 90, in __exit__
    raise dj_exc_value.with_traceback(traceback) from exc_value
  File "/Library/Frameworks/Python.framework/Versions/3.9/lib/python3.9/site-packages/django/db/backends/utils.py", line 84, in _execute
    return self.cursor.execute(sql, params)
  File "/Library/Frameworks/Python.framework/Versions/3.9/lib/python3.9/site-packages/django/db/backends/mysql/base.py", line 73, in execute
    return self.cursor.execute(query, args)
  File "/Library/Frameworks/Python.framework/Versions/3.9/lib/python3.9/site-packages/MySQLdb/cursors.py", line 206, in execute
    res = self._query(query)
  File "/Library/Frameworks/Python.framework/Versions/3.9/lib/python3.9/site-packages/MySQLdb/cursors.py", line 319, in _query
    db.query(q)
  File "/Library/Frameworks/Python.framework/Versions/3.9/lib/python3.9/site-packages/MySQLdb/connections.py", line 254, in query
    _mysql.connection.query(self, query)
django.db.utils.ProgrammingError: (1146, "Table 'rent_app.auth_user' doesn't exist")
asyncio DEBUG 2023-02-04 19:25:55,884 selector_events 97267 8097178880 Using selector: KqueueSelector
django.utils.autoreload INFO 2023-02-04 19:32:06,281 autoreload 65875 8097178880 /Users/nathannoble/django/django_projects/rent_app/rent_app/urls.py changed, reloading.
asyncio DEBUG 2023-02-04 19:32:06,285 selector_events 65875 8097178880 Using selector: KqueueSelector
django.utils.autoreload INFO 2023-02-04 19:32:06,727 autoreload 97546 8097178880 Watching for file changes with StatReloader
django.request WARNING 2023-02-04 19:32:52,475 log 97546 6136557568 Not Found: /
django.request WARNING 2023-02-04 19:32:55,698 log 97546 6136557568 Not Found: /
django.utils.autoreload INFO 2023-02-04 19:34:46,961 autoreload 97546 8097178880 /Users/nathannoble/django/django_projects/rent_app/rent_app/urls.py changed, reloading.
asyncio DEBUG 2023-02-04 19:34:46,964 selector_events 97546 8097178880 Using selector: KqueueSelector
django.utils.autoreload INFO 2023-02-04 19:34:47,328 autoreload 97706 8097178880 Watching for file changes with StatReloader
asyncio DEBUG 2023-02-04 19:42:17,296 selector_events 98005 8097178880 Using selector: KqueueSelector
asyncio DEBUG 2023-02-04 19:46:37,975 selector_events 98138 8097178880 Using selector: KqueueSelector
asyncio DEBUG 2023-02-04 20:13:27,785 selector_events 99183 8097178880 Using selector: KqueueSelector
asyncio DEBUG 2023-02-04 20:16:32,816 selector_events 99360 8097178880 Using selector: KqueueSelector
django.utils.autoreload INFO 2023-02-04 20:17:06,625 autoreload 97706 8097178880 /Users/nathannoble/django/django_projects/rent_app/rent_app/settings.py changed, reloading.
asyncio DEBUG 2023-02-04 20:17:06,629 selector_events 97706 8097178880 Using selector: KqueueSelector
django.utils.autoreload INFO 2023-02-04 20:17:07,090 autoreload 99375 8097178880 Watching for file changes with StatReloader
django.utils.autoreload INFO 2023-02-04 20:19:16,824 autoreload 99375 8097178880 /Users/nathannoble/django/django_projects/rent_app/rent_app/urls.py changed, reloading.
asyncio DEBUG 2023-02-04 20:19:16,828 selector_events 99375 8097178880 Using selector: KqueueSelector
django.utils.autoreload INFO 2023-02-04 20:19:17,269 autoreload 99530 8097178880 Watching for file changes with StatReloader
django.utils.autoreload INFO 2023-02-04 20:24:45,028 autoreload 99530 8097178880 /Users/nathannoble/django/django_projects/rent_app/rent_app/settings.py changed, reloading.
asyncio DEBUG 2023-02-04 20:24:45,032 selector_events 99530 8097178880 Using selector: KqueueSelector
django.utils.autoreload INFO 2023-02-04 20:24:45,594 autoreload 99876 8097178880 Watching for file changes with StatReloader
asyncio DEBUG 2023-02-04 20:24:52,479 selector_events 99889 8097178880 Using selector: KqueueSelector
asyncio DEBUG 2023-02-04 20:27:50,560 selector_events 99876 8097178880 Using selector: KqueueSelector
django.utils.autoreload INFO 2023-02-04 20:27:53,330 autoreload 99994 8097178880 Watching for file changes with StatReloader
asyncio DEBUG 2023-02-04 20:28:06,453 selector_events 101 8097178880 Using selector: KqueueSelector
asyncio DEBUG 2023-02-04 20:29:15,340 selector_events 204 8097178880 Using selector: KqueueSelector
asyncio DEBUG 2023-02-04 20:34:03,080 selector_events 417 8097178880 Using selector: KqueueSelector
asyncio DEBUG 2023-02-04 20:34:28,495 selector_events 425 8097178880 Using selector: KqueueSelector
asyncio DEBUG 2023-02-04 20:34:32,222 selector_events 429 8097178880 Using selector: KqueueSelector
asyncio DEBUG 2023-02-04 20:35:03,626 selector_events 440 8097178880 Using selector: KqueueSelector
asyncio DEBUG 2023-02-04 20:35:45,759 selector_events 463 8097178880 Using selector: KqueueSelector
asyncio DEBUG 2023-02-04 20:35:57,942 selector_events 470 8097178880 Using selector: KqueueSelector
asyncio DEBUG 2023-02-04 20:36:40,782 selector_events 547 8097178880 Using selector: KqueueSelector
asyncio DEBUG 2023-02-04 20:38:01,528 selector_events 595 8097178880 Using selector: KqueueSelector
asyncio DEBUG 2023-02-04 20:38:32,871 selector_events 619 8097178880 Using selector: KqueueSelector
asyncio DEBUG 2023-02-04 20:39:14,362 selector_events 658 8097178880 Using selector: KqueueSelector
asyncio DEBUG 2023-02-04 20:39:41,003 selector_events 676 8097178880 Using selector: KqueueSelector
django.utils.autoreload INFO 2023-02-04 20:40:50,842 autoreload 99994 8097178880 /Users/nathannoble/django/django_projects/rent_app/users/models.py changed, reloading.
asyncio DEBUG 2023-02-04 20:40:50,846 selector_events 99994 8097178880 Using selector: KqueueSelector
django.utils.autoreload INFO 2023-02-04 20:40:51,230 autoreload 811 8097178880 Watching for file changes with StatReloader
django.utils.autoreload INFO 2023-02-04 20:41:26,037 autoreload 811 8097178880 /Users/nathannoble/django/django_projects/rent_app/rent_app/settings.py changed, reloading.
asyncio DEBUG 2023-02-04 20:41:26,040 selector_events 811 8097178880 Using selector: KqueueSelector
django.utils.autoreload INFO 2023-02-04 20:41:26,441 autoreload 844 8097178880 Watching for file changes with StatReloader
asyncio DEBUG 2023-02-04 20:41:31,491 selector_events 853 8097178880 Using selector: KqueueSelector
asyncio DEBUG 2023-02-04 20:41:41,906 selector_events 860 8097178880 Using selector: KqueueSelector
asyncio DEBUG 2023-02-04 20:41:50,561 selector_events 874 8097178880 Using selector: KqueueSelector
asyncio DEBUG 2023-02-04 20:42:10,051 selector_events 895 8097178880 Using selector: KqueueSelector
asyncio DEBUG 2023-02-04 20:42:13,739 selector_events 904 8097178880 Using selector: KqueueSelector
asyncio DEBUG 2023-02-04 20:42:24,729 selector_events 924 8097178880 Using selector: KqueueSelector
asyncio DEBUG 2023-02-04 20:42:29,451 selector_events 925 8097178880 Using selector: KqueueSelector
asyncio DEBUG 2023-02-04 20:42:42,448 selector_events 932 8097178880 Using selector: KqueueSelector
django.utils.autoreload INFO 2023-02-04 20:43:05,685 autoreload 844 8097178880 /Users/nathannoble/django/django_projects/rent_app/rent_app/settings.py changed, reloading.
asyncio DEBUG 2023-02-04 20:43:05,687 selector_events 844 8097178880 Using selector: KqueueSelector
django.utils.autoreload INFO 2023-02-04 20:43:06,088 autoreload 1043 8097178880 Watching for file changes with StatReloader
django.utils.autoreload INFO 2023-02-04 20:43:17,457 autoreload 1043 8097178880 /Users/nathannoble/django/django_projects/rent_app/users/models.py changed, reloading.
asyncio DEBUG 2023-02-04 20:43:17,458 selector_events 1043 8097178880 Using selector: KqueueSelector
django.utils.autoreload INFO 2023-02-04 20:43:17,833 autoreload 1072 8097178880 Watching for file changes with StatReloader
asyncio DEBUG 2023-02-04 20:43:32,977 selector_events 1089 8097178880 Using selector: KqueueSelector
asyncio DEBUG 2023-02-04 20:43:41,387 selector_events 1091 8097178880 Using selector: KqueueSelector
asyncio DEBUG 2023-02-04 20:44:10,536 selector_events 1072 8097178880 Using selector: KqueueSelector
asyncio DEBUG 2023-02-04 20:44:10,611 selector_events 99993 8097178880 Using selector: KqueueSelector
django.utils.autoreload INFO 2023-02-04 20:44:12,701 autoreload 1108 8097178880 Watching for file changes with StatReloader
django.utils.autoreload INFO 2023-02-04 20:47:56,106 autoreload 1108 8097178880 /Users/nathannoble/django/django_projects/rent_app/users/models.py changed, reloading.
asyncio DEBUG 2023-02-04 20:47:56,111 selector_events 1108 8097178880 Using selector: KqueueSelector
django.utils.autoreload INFO 2023-02-04 20:47:56,547 autoreload 1262 8097178880 Watching for file changes with StatReloader
asyncio DEBUG 2023-02-04 20:48:12,541 selector_events 1271 8097178880 Using selector: KqueueSelector
django.utils.autoreload INFO 2023-02-04 20:49:53,320 autoreload 1262 8097178880 /Users/nathannoble/django/django_projects/rent_app/users/models.py changed, reloading.
asyncio DEBUG 2023-02-04 20:49:53,325 selector_events 1262 8097178880 Using selector: KqueueSelector
django.utils.autoreload INFO 2023-02-04 20:49:53,785 autoreload 1406 8097178880 Watching for file changes with StatReloader
asyncio DEBUG 2023-02-04 20:50:02,067 selector_events 1417 8097178880 Using selector: KqueueSelector
asyncio DEBUG 2023-02-04 20:52:19,546 selector_events 1502 8097178880 Using selector: KqueueSelector
django.utils.autoreload INFO 2023-02-04 20:53:56,532 autoreload 1406 8097178880 /Users/nathannoble/django/django_projects/rent_app/users/admin.py changed, reloading.
asyncio DEBUG 2023-02-04 20:53:56,536 selector_events 1406 8097178880 Using selector: KqueueSelector
django.utils.autoreload INFO 2023-02-04 20:53:57,008 autoreload 1682 8097178880 Watching for file changes with StatReloader
